# Logfile created on 2014-03-10 20:49:35 -0400 by logger.rb/41954
I, [2014-03-10T20:49:35.372297 #79790]  INFO -- : 0:  mini_portile (0.5.2) from /Users/pitosalas/.rbenv/versions/2.0.0-p353/lib/ruby/gems/2.0.0/specifications/mini_portile-0.5.2.gemspec
I, [2014-03-10T20:49:35.372748 #79790]  INFO -- : 0:  nokogiri (1.6.1) from /Users/pitosalas/.rbenv/versions/2.0.0-p353/lib/ruby/gems/2.0.0/specifications/nokogiri-1.6.1.gemspec
I, [2014-03-10T20:49:36.451903 #79790]  INFO -- : 0:  yahoo_weatherman (2.0.0) from /Users/pitosalas/.rbenv/versions/2.0.0-p353/lib/ruby/gems/2.0.0/specifications/yahoo_weatherman-2.0.0.gemspec
I, [2014-03-10T20:49:36.452304 #79790]  INFO -- : 0:  bundler (1.5.1) from /Users/pitosalas/.rbenv/versions/2.0.0-p353/lib/ruby/gems/2.0.0/specifications/bundler-1.5.1.gemspec
I, [2014-03-12T09:50:48.218114 #83154]  INFO -- : 0:  ffi (1.9.3) from /Users/pitosalas/.rbenv/versions/2.0.0-p353/lib/ruby/gems/2.0.0/specifications/ffi-1.9.3.gemspec
I, [2014-03-12T09:50:48.238725 #83154]  INFO -- : 0:  mime-types (1.25.1) from /Users/pitosalas/.rbenv/versions/2.0.0-p353/lib/ruby/gems/2.0.0/specifications/mime-types-1.25.1.gemspec
I, [2014-03-12T09:50:49.943201 #83154]  INFO -- : 0:  ethon (0.6.3) from /Users/pitosalas/.rbenv/versions/2.0.0-p353/lib/ruby/gems/2.0.0/specifications/ethon-0.6.3.gemspec
I, [2014-03-12T09:50:49.943729 #83154]  INFO -- : 0:  mini_portile (0.5.2) from /Users/pitosalas/.rbenv/versions/2.0.0-p353/lib/ruby/gems/2.0.0/specifications/mini_portile-0.5.2.gemspec
I, [2014-03-12T09:50:49.944044 #83154]  INFO -- : 0:  nokogiri (1.6.1) from /Users/pitosalas/.rbenv/versions/2.0.0-p353/lib/ruby/gems/2.0.0/specifications/nokogiri-1.6.1.gemspec
I, [2014-03-12T09:50:51.232185 #83154]  INFO -- : 0:  typhoeus (0.6.7) from /Users/pitosalas/.rbenv/versions/2.0.0-p353/lib/ruby/gems/2.0.0/specifications/typhoeus-0.6.7.gemspec
I, [2014-03-12T09:50:51.232637 #83154]  INFO -- : 0:  yahoo_weatherman (2.0.0) from /Users/pitosalas/.rbenv/versions/2.0.0-p353/lib/ruby/gems/2.0.0/specifications/yahoo_weatherman-2.0.0.gemspec
I, [2014-03-12T09:50:51.232919 #83154]  INFO -- : 0:  bundler (1.5.1) from /Users/pitosalas/.rbenv/versions/2.0.0-p353/lib/ruby/gems/2.0.0/specifications/bundler-1.5.1.gemspec
I, [2014-03-12T14:04:05.161019 #88202]  INFO -- : 0:  ffi (1.9.3) from /Users/pitosalas/.rbenv/versions/2.0.0-p353/lib/ruby/gems/2.0.0/specifications/ffi-1.9.3.gemspec
I, [2014-03-12T14:04:05.169462 #88202]  INFO -- : 0:  mime-types (1.25.1) from /Users/pitosalas/.rbenv/versions/2.0.0-p353/lib/ruby/gems/2.0.0/specifications/mime-types-1.25.1.gemspec
I, [2014-03-12T14:04:05.169950 #88202]  INFO -- : 0:  ethon (0.6.3) from /Users/pitosalas/.rbenv/versions/2.0.0-p353/lib/ruby/gems/2.0.0/specifications/ethon-0.6.3.gemspec
I, [2014-03-12T14:04:05.170307 #88202]  INFO -- : 0:  mini_portile (0.5.2) from /Users/pitosalas/.rbenv/versions/2.0.0-p353/lib/ruby/gems/2.0.0/specifications/mini_portile-0.5.2.gemspec
I, [2014-03-12T14:04:05.170631 #88202]  INFO -- : 0:  nokogiri (1.6.1) from /Users/pitosalas/.rbenv/versions/2.0.0-p353/lib/ruby/gems/2.0.0/specifications/nokogiri-1.6.1.gemspec
I, [2014-03-12T14:04:05.170950 #88202]  INFO -- : 0:  typhoeus (0.6.7) from /Users/pitosalas/.rbenv/versions/2.0.0-p353/lib/ruby/gems/2.0.0/specifications/typhoeus-0.6.7.gemspec
I, [2014-03-12T14:04:05.887298 #88202]  INFO -- : 0:  xml-simple (1.1.3) from /Users/pitosalas/.rbenv/versions/2.0.0-p353/lib/ruby/gems/2.0.0/specifications/xml-simple-1.1.3.gemspec
I, [2014-03-12T14:04:05.887730 #88202]  INFO -- : 0:  yahoo_weatherman (2.0.0) from /Users/pitosalas/.rbenv/versions/2.0.0-p353/lib/ruby/gems/2.0.0/specifications/yahoo_weatherman-2.0.0.gemspec
I, [2014-03-12T14:04:05.888047 #88202]  INFO -- : 0:  bundler (1.5.1) from /Users/pitosalas/.rbenv/versions/2.0.0-p353/lib/ruby/gems/2.0.0/specifications/bundler-1.5.1.gemspec
I, [2014-03-12T14:12:43.869491 #89309]  INFO -- : 0:  rake (10.1.1) from /Users/pitosalas/.rbenv/versions/2.0.0-p353/lib/ruby/gems/2.0.0/specifications/rake-10.1.1.gemspec
I, [2014-03-12T14:12:43.869958 #89309]  INFO -- : 0:  i18n (0.6.9) from /Users/pitosalas/.rbenv/versions/2.0.0-p353/lib/ruby/gems/2.0.0/specifications/i18n-0.6.9.gemspec
I, [2014-03-12T14:12:43.870314 #89309]  INFO -- : 0:  minitest (4.7.5) from /Users/pitosalas/.rbenv/versions/2.0.0-p353/lib/ruby/gems/2.0.0/specifications/minitest-4.7.5.gemspec
I, [2014-03-12T14:12:43.870645 #89309]  INFO -- : 0:  multi_json (1.9.0) from /Users/pitosalas/.rbenv/versions/2.0.0-p353/lib/ruby/gems/2.0.0/specifications/multi_json-1.9.0.gemspec
I, [2014-03-12T14:12:43.870967 #89309]  INFO -- : 0:  atomic (1.1.15) from /Users/pitosalas/.rbenv/versions/2.0.0-p353/lib/ruby/gems/2.0.0/specifications/atomic-1.1.15.gemspec
I, [2014-03-12T14:12:43.871272 #89309]  INFO -- : 0:  thread_safe (0.2.0) from /Users/pitosalas/.rbenv/versions/2.0.0-p353/lib/ruby/gems/2.0.0/specifications/thread_safe-0.2.0.gemspec
I, [2014-03-12T14:12:43.871592 #89309]  INFO -- : 0:  tzinfo (0.3.39) from /Users/pitosalas/.rbenv/versions/2.0.0-p353/lib/ruby/gems/2.0.0/specifications/tzinfo-0.3.39.gemspec
I, [2014-03-12T14:12:43.871917 #89309]  INFO -- : 0:  activesupport (4.0.2) from /Users/pitosalas/.rbenv/versions/2.0.0-p353/lib/ruby/gems/2.0.0/specifications/activesupport-4.0.2.gemspec
I, [2014-03-12T14:12:43.872237 #89309]  INFO -- : 0:  builder (3.1.4) from /Users/pitosalas/.rbenv/versions/2.0.0-p353/lib/ruby/gems/2.0.0/specifications/builder-3.1.4.gemspec
I, [2014-03-12T14:12:43.872556 #89309]  INFO -- : 0:  erubis (2.7.0) from /Users/pitosalas/.rbenv/versions/2.0.0-p353/lib/ruby/gems/2.0.0/specifications/erubis-2.7.0.gemspec
I, [2014-03-12T14:12:43.872873 #89309]  INFO -- : 0:  rack (1.5.2) from /Users/pitosalas/.rbenv/versions/2.0.0-p353/lib/ruby/gems/2.0.0/specifications/rack-1.5.2.gemspec
I, [2014-03-12T14:12:43.873194 #89309]  INFO -- : 0:  rack-test (0.6.2) from /Users/pitosalas/.rbenv/versions/2.0.0-p353/lib/ruby/gems/2.0.0/specifications/rack-test-0.6.2.gemspec
I, [2014-03-12T14:12:43.873515 #89309]  INFO -- : 0:  actionpack (4.0.2) from /Users/pitosalas/.rbenv/versions/2.0.0-p353/lib/ruby/gems/2.0.0/specifications/actionpack-4.0.2.gemspec
I, [2014-03-12T14:12:43.873815 #89309]  INFO -- : 0:  awesome_print (1.2.0) from /Users/pitosalas/.rbenv/versions/2.0.0-p353/lib/ruby/gems/2.0.0/specifications/awesome_print-1.2.0.gemspec
I, [2014-03-12T14:12:43.874132 #89309]  INFO -- : 0:  debug_inspector (0.0.2) from /Users/pitosalas/.rbenv/versions/2.0.0-p353/lib/ruby/gems/2.0.0/specifications/debug_inspector-0.0.2.gemspec
I, [2014-03-12T14:12:43.874448 #89309]  INFO -- : 0:  binding_of_caller (0.7.2) from /Users/pitosalas/.rbenv/versions/2.0.0-p353/lib/ruby/gems/2.0.0/specifications/binding_of_caller-0.7.2.gemspec
I, [2014-03-12T14:12:43.874763 #89309]  INFO -- : 0:  coderay (1.1.0) from /Users/pitosalas/.rbenv/versions/2.0.0-p353/lib/ruby/gems/2.0.0/specifications/coderay-1.1.0.gemspec
I, [2014-03-12T14:12:43.875076 #89309]  INFO -- : 0:  columnize (0.3.6) from /Users/pitosalas/.rbenv/versions/2.0.0-p353/lib/ruby/gems/2.0.0/specifications/columnize-0.3.6.gemspec
I, [2014-03-12T14:12:43.875393 #89309]  INFO -- : 0:  coolline (0.4.3) from /Users/pitosalas/.rbenv/versions/2.0.0-p353/lib/ruby/gems/2.0.0/specifications/coolline-0.4.3.gemspec
I, [2014-03-12T14:12:43.875709 #89309]  INFO -- : 0:  debugger-linecache (1.2.0) from /Users/pitosalas/.rbenv/versions/2.0.0-p353/lib/ruby/gems/2.0.0/specifications/debugger-linecache-1.2.0.gemspec
I, [2014-03-12T14:12:43.876024 #89309]  INFO -- : 0:  debugger-ruby_core_source (1.3.2) from /Users/pitosalas/.rbenv/versions/2.0.0-p353/lib/ruby/gems/2.0.0/specifications/debugger-ruby_core_source-1.3.2.gemspec
I, [2014-03-12T14:12:43.876351 #89309]  INFO -- : 0:  debugger (1.6.6) from /Users/pitosalas/.rbenv/versions/2.0.0-p353/lib/ruby/gems/2.0.0/specifications/debugger-1.6.6.gemspec
I, [2014-03-12T14:12:43.876666 #89309]  INFO -- : 0:  diff-lcs (1.2.5) from /Users/pitosalas/.rbenv/versions/2.0.0-p353/lib/ruby/gems/2.0.0/specifications/diff-lcs-1.2.5.gemspec
I, [2014-03-12T14:12:43.876979 #89309]  INFO -- : 0:  diffy (3.0.2) from /Users/pitosalas/.rbenv/versions/2.0.0-p353/lib/ruby/gems/2.0.0/specifications/diffy-3.0.2.gemspec
I, [2014-03-12T14:12:43.877299 #89309]  INFO -- : 0:  ffi (1.9.3) from /Users/pitosalas/.rbenv/versions/2.0.0-p353/lib/ruby/gems/2.0.0/specifications/ffi-1.9.3.gemspec
I, [2014-03-12T14:12:43.877614 #89309]  INFO -- : 0:  mime-types (1.25.1) from /Users/pitosalas/.rbenv/versions/2.0.0-p353/lib/ruby/gems/2.0.0/specifications/mime-types-1.25.1.gemspec
I, [2014-03-12T14:12:43.877946 #89309]  INFO -- : 0:  ethon (0.6.3) from /Users/pitosalas/.rbenv/versions/2.0.0-p353/lib/ruby/gems/2.0.0/specifications/ethon-0.6.3.gemspec
I, [2014-03-12T14:12:43.878265 #89309]  INFO -- : 0:  posix-spawn (0.3.8) from /Users/pitosalas/.rbenv/versions/2.0.0-p353/lib/ruby/gems/2.0.0/specifications/posix-spawn-0.3.8.gemspec
I, [2014-03-12T14:12:43.878584 #89309]  INFO -- : 0:  grit (2.5.0) from /Users/pitosalas/.rbenv/versions/2.0.0-p353/lib/ruby/gems/2.0.0/specifications/grit-2.5.0.gemspec
I, [2014-03-12T14:12:43.878904 #89309]  INFO -- : 0:  hirb (0.7.1) from /Users/pitosalas/.rbenv/versions/2.0.0-p353/lib/ruby/gems/2.0.0/specifications/hirb-0.7.1.gemspec
I, [2014-03-12T14:12:43.895673 #89309]  INFO -- : 0:  method_source (0.8.2) from /Users/pitosalas/.rbenv/versions/2.0.0-p353/lib/ruby/gems/2.0.0/specifications/method_source-0.8.2.gemspec
I, [2014-03-12T14:12:43.896091 #89309]  INFO -- : 0:  slop (3.4.7) from /Users/pitosalas/.rbenv/versions/2.0.0-p353/lib/ruby/gems/2.0.0/specifications/slop-3.4.7.gemspec
I, [2014-03-12T14:12:43.896402 #89309]  INFO -- : 0:  pry (0.9.12.6) from /Users/pitosalas/.rbenv/versions/2.0.0-p353/lib/ruby/gems/2.0.0/specifications/pry-0.9.12.6.gemspec
I, [2014-03-12T14:12:43.896700 #89309]  INFO -- : 0:  pry-debugger (0.2.2) from /Users/pitosalas/.rbenv/versions/2.0.0-p353/lib/ruby/gems/2.0.0/specifications/pry-debugger-0.2.2.gemspec
I, [2014-03-12T14:12:43.896998 #89309]  INFO -- : 0:  yard (0.8.7.3) from /Users/pitosalas/.rbenv/versions/2.0.0-p353/lib/ruby/gems/2.0.0/specifications/yard-0.8.7.3.gemspec
I, [2014-03-12T14:12:43.897302 #89309]  INFO -- : 0:  pry-doc (0.4.6) from /Users/pitosalas/.rbenv/versions/2.0.0-p353/lib/ruby/gems/2.0.0/specifications/pry-doc-0.4.6.gemspec
I, [2014-03-12T14:12:43.897600 #89309]  INFO -- : 0:  pry-git (0.2.3) from /Users/pitosalas/.rbenv/versions/2.0.0-p353/lib/ruby/gems/2.0.0/specifications/pry-git-0.2.3.gemspec
I, [2014-03-12T14:12:43.897898 #89309]  INFO -- : 0:  pry-rails (0.3.2) from /Users/pitosalas/.rbenv/versions/2.0.0-p353/lib/ruby/gems/2.0.0/specifications/pry-rails-0.3.2.gemspec
I, [2014-03-12T14:12:43.898196 #89309]  INFO -- : 0:  pry-remote (0.1.8) from /Users/pitosalas/.rbenv/versions/2.0.0-p353/lib/ruby/gems/2.0.0/specifications/pry-remote-0.1.8.gemspec
I, [2014-03-12T14:12:43.898497 #89309]  INFO -- : 0:  pry-stack_explorer (0.4.9.1) from /Users/pitosalas/.rbenv/versions/2.0.0-p353/lib/ruby/gems/2.0.0/specifications/pry-stack_explorer-0.4.9.1.gemspec
I, [2014-03-12T14:12:43.898800 #89309]  INFO -- : 0:  thor (0.18.1) from /Users/pitosalas/.rbenv/versions/2.0.0-p353/lib/ruby/gems/2.0.0/specifications/thor-0.18.1.gemspec
I, [2014-03-12T14:12:43.899108 #89309]  INFO -- : 0:  railties (4.0.2) from /Users/pitosalas/.rbenv/versions/2.0.0-p353/lib/ruby/gems/2.0.0/specifications/railties-4.0.2.gemspec
I, [2014-03-12T14:12:43.899411 #89309]  INFO -- : 0:  jazz_hands (0.5.2) from /Users/pitosalas/.rbenv/versions/2.0.0-p353/lib/ruby/gems/2.0.0/specifications/jazz_hands-0.5.2.gemspec
I, [2014-03-12T14:12:43.899716 #89309]  INFO -- : 0:  mini_portile (0.5.2) from /Users/pitosalas/.rbenv/versions/2.0.0-p353/lib/ruby/gems/2.0.0/specifications/mini_portile-0.5.2.gemspec
I, [2014-03-12T14:12:43.900019 #89309]  INFO -- : 0:  nokogiri (1.6.1) from /Users/pitosalas/.rbenv/versions/2.0.0-p353/lib/ruby/gems/2.0.0/specifications/nokogiri-1.6.1.gemspec
I, [2014-03-12T14:12:43.900321 #89309]  INFO -- : 0:  typhoeus (0.6.7) from /Users/pitosalas/.rbenv/versions/2.0.0-p353/lib/ruby/gems/2.0.0/specifications/typhoeus-0.6.7.gemspec
I, [2014-03-12T14:12:43.900623 #89309]  INFO -- : 0:  xml-simple (1.1.3) from /Users/pitosalas/.rbenv/versions/2.0.0-p353/lib/ruby/gems/2.0.0/specifications/xml-simple-1.1.3.gemspec
I, [2014-03-12T14:12:43.900950 #89309]  INFO -- : 0:  yahoo_weatherman (2.0.0) from /Users/pitosalas/.rbenv/versions/2.0.0-p353/lib/ruby/gems/2.0.0/specifications/yahoo_weatherman-2.0.0.gemspec
I, [2014-03-12T14:12:43.901234 #89309]  INFO -- : 0:  bundler (1.5.1) from /Users/pitosalas/.rbenv/versions/2.0.0-p353/lib/ruby/gems/2.0.0/specifications/bundler-1.5.1.gemspec
I, [2014-03-12T14:16:03.610236 #89424]  INFO -- : 0:  debug_inspector (0.0.2) from /Users/pitosalas/.rbenv/versions/2.0.0-p353/lib/ruby/gems/2.0.0/specifications/debug_inspector-0.0.2.gemspec
I, [2014-03-12T14:16:03.610678 #89424]  INFO -- : 0:  binding_of_caller (0.7.2) from /Users/pitosalas/.rbenv/versions/2.0.0-p353/lib/ruby/gems/2.0.0/specifications/binding_of_caller-0.7.2.gemspec
I, [2014-03-12T14:16:03.611017 #89424]  INFO -- : 0:  coderay (1.1.0) from /Users/pitosalas/.rbenv/versions/2.0.0-p353/lib/ruby/gems/2.0.0/specifications/coderay-1.1.0.gemspec
I, [2014-03-12T14:16:03.611344 #89424]  INFO -- : 0:  columnize (0.3.6) from /Users/pitosalas/.rbenv/versions/2.0.0-p353/lib/ruby/gems/2.0.0/specifications/columnize-0.3.6.gemspec
I, [2014-03-12T14:16:03.611675 #89424]  INFO -- : 0:  debugger-linecache (1.2.0) from /Users/pitosalas/.rbenv/versions/2.0.0-p353/lib/ruby/gems/2.0.0/specifications/debugger-linecache-1.2.0.gemspec
I, [2014-03-12T14:16:03.612018 #89424]  INFO -- : 0:  debugger-ruby_core_source (1.3.2) from /Users/pitosalas/.rbenv/versions/2.0.0-p353/lib/ruby/gems/2.0.0/specifications/debugger-ruby_core_source-1.3.2.gemspec
I, [2014-03-12T14:16:03.612341 #89424]  INFO -- : 0:  debugger (1.6.6) from /Users/pitosalas/.rbenv/versions/2.0.0-p353/lib/ruby/gems/2.0.0/specifications/debugger-1.6.6.gemspec
I, [2014-03-12T14:16:03.612673 #89424]  INFO -- : 0:  ffi (1.9.3) from /Users/pitosalas/.rbenv/versions/2.0.0-p353/lib/ruby/gems/2.0.0/specifications/ffi-1.9.3.gemspec
I, [2014-03-12T14:16:03.613004 #89424]  INFO -- : 0:  mime-types (1.25.1) from /Users/pitosalas/.rbenv/versions/2.0.0-p353/lib/ruby/gems/2.0.0/specifications/mime-types-1.25.1.gemspec
I, [2014-03-12T14:16:03.613338 #89424]  INFO -- : 0:  ethon (0.6.3) from /Users/pitosalas/.rbenv/versions/2.0.0-p353/lib/ruby/gems/2.0.0/specifications/ethon-0.6.3.gemspec
I, [2014-03-12T14:16:03.613687 #89424]  INFO -- : 0:  method_source (0.8.2) from /Users/pitosalas/.rbenv/versions/2.0.0-p353/lib/ruby/gems/2.0.0/specifications/method_source-0.8.2.gemspec
I, [2014-03-12T14:16:03.614031 #89424]  INFO -- : 0:  mini_portile (0.5.2) from /Users/pitosalas/.rbenv/versions/2.0.0-p353/lib/ruby/gems/2.0.0/specifications/mini_portile-0.5.2.gemspec
I, [2014-03-12T14:16:03.614368 #89424]  INFO -- : 0:  nokogiri (1.6.1) from /Users/pitosalas/.rbenv/versions/2.0.0-p353/lib/ruby/gems/2.0.0/specifications/nokogiri-1.6.1.gemspec
I, [2014-03-12T14:16:03.614682 #89424]  INFO -- : 0:  slop (3.4.7) from /Users/pitosalas/.rbenv/versions/2.0.0-p353/lib/ruby/gems/2.0.0/specifications/slop-3.4.7.gemspec
I, [2014-03-12T14:16:03.615017 #89424]  INFO -- : 0:  pry (0.9.12.6) from /Users/pitosalas/.rbenv/versions/2.0.0-p353/lib/ruby/gems/2.0.0/specifications/pry-0.9.12.6.gemspec
I, [2014-03-12T14:16:03.615359 #89424]  INFO -- : 0:  pry-debugger (0.2.2) from /Users/pitosalas/.rbenv/versions/2.0.0-p353/lib/ruby/gems/2.0.0/specifications/pry-debugger-0.2.2.gemspec
I, [2014-03-12T14:16:03.615693 #89424]  INFO -- : 0:  pry-stack_explorer (0.4.9.1) from /Users/pitosalas/.rbenv/versions/2.0.0-p353/lib/ruby/gems/2.0.0/specifications/pry-stack_explorer-0.4.9.1.gemspec
I, [2014-03-12T14:16:03.616025 #89424]  INFO -- : 0:  typhoeus (0.6.7) from /Users/pitosalas/.rbenv/versions/2.0.0-p353/lib/ruby/gems/2.0.0/specifications/typhoeus-0.6.7.gemspec
I, [2014-03-12T14:16:03.616357 #89424]  INFO -- : 0:  xml-simple (1.1.3) from /Users/pitosalas/.rbenv/versions/2.0.0-p353/lib/ruby/gems/2.0.0/specifications/xml-simple-1.1.3.gemspec
I, [2014-03-12T14:16:03.616732 #89424]  INFO -- : 0:  yahoo_weatherman (2.0.0) from /Users/pitosalas/.rbenv/versions/2.0.0-p353/lib/ruby/gems/2.0.0/specifications/yahoo_weatherman-2.0.0.gemspec
I, [2014-03-12T14:16:03.617486 #89424]  INFO -- : 0:  bundler (1.5.1) from /Users/pitosalas/.rbenv/versions/2.0.0-p353/lib/ruby/gems/2.0.0/specifications/bundler-1.5.1.gemspec
